0 info it worked if it ends with ok
1 verbose cli [ '/usr/bin/nodejs', '/usr/bin/npm', 'start' ]
2 info using npm@1.2.18
3 info using node@v0.10.15
4 verbose read json /media/dados/Projectos/require-threejs/package.json
5 verbose run-script [ 'prestart', 'start', 'poststart' ]
6 info prestart threejs-tutorial@0.0.0
7 verbose unsafe-perm in lifecycle true
8 silly exec sh "-c" "npm install; grunt build; npm run update-webdriver"
9 silly sh,-c,npm install; grunt build; npm run update-webdriver,/media/dados/Projectos/require-threejs spawning
10 info threejs-tutorial@0.0.0 Failed to exec prestart script
11 error threejs-tutorial@0.0.0 prestart: `npm install; grunt build; npm run update-webdriver`
11 error `sh "-c" "npm install; grunt build; npm run update-webdriver"` failed with 1
12 error Failed at the threejs-tutorial@0.0.0 prestart script.
12 error This is most likely a problem with the threejs-tutorial package,
12 error not with npm itself.
12 error Tell the author that this fails on your system:
12 error     npm install; grunt build; npm run update-webdriver
12 error You can get their info via:
12 error     npm owner ls threejs-tutorial
12 error There is likely additional logging output above.
13 error System Linux 3.11.0-12-generic
14 error command "/usr/bin/nodejs" "/usr/bin/npm" "start"
15 error cwd /media/dados/Projectos/require-threejs
16 error node -v v0.10.15
17 error npm -v 1.2.18
18 error code ELIFECYCLE
19 verbose exit [ 1, true ]
